<?xml version="1.0" encoding="UTF-8"?>
<testsuite name="Cerrar sesion del contratista" tests="1" skipped="0" failures="0" errors="0" timestamp="2025-06-03T21:03:04" hostname="DESKTOP-ANNV5C6" time="9.659">
  <properties/>
  <testcase name="Cerrar sesion correctamente" classname="Cerrar sesion del contratista" time="9.659"/>
  <system-out><![CDATA[    ?[32mDado ?[0m?[32mque el usuario se encuentra en la pagina de inicio de sesion de SPR?[0m ?[90m# RegistroStepDefinitions.queElUsuarioSeEncuentraEnLaPaginaDeInicioDeSesionSPR()?[0m
    ?[32mCuando ?[0m?[32mingrese las credenciales correctas (usuario y contrasena)?[0m         ?[90m# RegistroStepDefinitions.ingreseLasCredencialesCorrectasUsuarioYContrasena(CredencialesInicio>)?[0m

  @CerrarSesion
  Escenario: Cerrar sesion correctamente                                                         ?[90m# src/test/resources/features/CerrarContratista.feature:15?[0m
    ?[32mCuando ?[0m?[32mel usuario se dirija al boton de perfil debera seleccionar la opcion de cerrar perfil?[0m ?[90m# CerrarContratistaStepDefinitions.elUsuarioSeDirijaAlBotonDePerfilDeberaSeleccionarLaOpcionDeCerrarPerfil()?[0m
    ?[32mEntonces ?[0m?[32mse cerrara correctamente su perfil?[0m                                                  ?[90m# CerrarContratistaStepDefinitions.seCerraraCorrectamenteSuPerfil()?[0m
]]></system-out>
  <system-err><![CDATA[jun. 03, 2025 4:03:05 P. M. org.openqa.selenium.remote.DesiredCapabilities chrome
INFO: Using `new ChromeOptions()` is preferred to `DesiredCapabilities.chrome()`
[Test worker] INFO net.serenitybdd.core.webdriver.driverproviders.ProvideNewDriver - Instantiating driver
[Test worker] INFO net.serenitybdd.core.webdriver.driverproviders.ProvideNewDriver - Driver capabilities: Capabilities {acceptInsecureCerts: false, browserName: chrome, goog:chromeOptions: {args: [], extensions: [], prefs: {behavior: allow}}, loggingPrefs: org.openqa.selenium.logging..., name: proyecto, platform: ANY, unhandledPromptBehavior: ignore, version: }
Starting ChromeDriver 136.0.7103.94 (fa0be0b33debeb378a8e6ad9c599be34e2dc3b37-refs/branch-heads/7103@{#1842}) on port 46429
Only local connections are allowed.
Please see https://chromedriver.chromium.org/security-considerations for suggestions on keeping ChromeDriver safe.
ChromeDriver was started successfully on port 46429.
jun. 03, 2025 4:03:07 P. M. org.openqa.selenium.remote.ProtocolHandshake createSession
INFO: Detected dialect: W3C
[Test worker] INFO net.thucydides.core.steps.ConsoleLoggingListener - 
        __    _____ _____ ____ _____   ____   _    ____  ____  _____ ____  
  _     \ \  |_   _| ____/ ___|_   _| |  _ \ / \  / ___|/ ___|| ____|  _ \ 
 (_)_____| |   | | |  _| \___ \ | |   | |_) / _ \ \___ \\___ \|  _| | | | |
  _|_____| |   | | | |___ ___) || |   |  __/ ___ \ ___) |___) | |___| |_| |
 (_)     | |   |_| |_____|____/ |_|   |_| /_/   \_\____/|____/|_____|____/ 
        /_/                                                                

TEST PASSED: Cerrar sesion correctamente
----------------------------------------------------------------------------
]]></system-err>
</testsuite>
