<?xml version="1.0" encoding="UTF-8"?><testsuite errors="0" failures="1" name="Actualizar el numero registrado del contratista" skipped="0" tests="1" time="6.82" timestamp="2025-06-03 11:48:02"><testcase name="Actualizar el numero telefonico"><failure message="&#10;Expecting telefono with value that is equal to: &lt;&quot;telefonos&quot;&gt;&#10;But got.......................................: &lt;&quot;&quot;&gt;" type="java.lang.AssertionError">
Expecting telefono with value that is equal to: &lt;"telefonos"&gt;
But got.......................................: &lt;""&gt;</failure><system-err>
Expecting telefono with value that is equal to: &lt;"telefonos"&gt;
But got.......................................: &lt;""&gt;&#13;
co.com.SPR.tasks.ActualizarContratista.performAs(ActualizarContratista.java:32)&#13;
co.com.SPR.stepsdefinitions.ActualizarContratistaStepDefinitions.cuandoElUsuarioOprimaElCampoAActualizarEIngreseSuNumeroNumeroTelefonico(ActualizarContratistaStepDefinitions.java:17)&#13;
cucumber.runner.Runner.runPickle(Runner.java:80)&#13;
worker.org.gradle.process.internal.worker.GradleWorkerMain.run(GradleWorkerMain.java:69)&#13;
worker.org.gradle.process.internal.worker.GradleWorkerMain.main(GradleWorkerMain.java:74)&#13;
</system-err></testcase></testsuite>